<?xml version="1.0" encoding="UTF-8"?>
<testsuite xmlns:xsi="http://www.w3.org/2001/XMLSchema-instance" xsi:noNamespaceSchemaLocation="https://maven.apache.org/surefire/maven-surefire-plugin/xsd/surefire-test-report.xsd" version="3.0.2" name="com.dominio.bloques.bloques.logicatest.BloquesLetrasTest" time="0.038" tests="9" errors="0" skipped="0" failures="0">
  <properties>
[...]
</properties>
  <testcase name="palabraConSimbolosFalse" classname="com.dominio.bloques.bloques.logicatest.BloquesLetrasTest" time="0.012">
    <system-out><![CDATA[Texto ingresado no permitido por el siguiente motivo:  java.lang.IllegalArgumentException: Solo es permitido ingresar palabras , las cuales no deben contener numeros
]]></system-out>
  </testcase>
  <testcase name="palabraConNumerosFalse" classname="com.dominio.bloques.bloques.logicatest.BloquesLetrasTest" time="0.001">
    <system-out><![CDATA[Texto ingresado no permitido por el siguiente motivo:  java.lang.IllegalArgumentException: Solo es permitido ingresar palabras , las cuales no deben contener numeros
]]></system-out>
  </testcase>
  <testcase name="caracterConBloquesTrue" classname="com.dominio.bloques.bloques.logicatest.BloquesLetrasTest" time="0.002"/>
  <testcase name="palabraConMayusculaYMinusculaTrue" classname="com.dominio.bloques.bloques.logicatest.BloquesLetrasTest" time="0.001"/>
  <testcase name="palabraConBloquesFalse" classname="com.dominio.bloques.bloques.logicatest.BloquesLetrasTest" time="0.001"/>
  <testcase name="palabraVaciaFalse" classname="com.dominio.bloques.bloques.logicatest.BloquesLetrasTest" time="0.001">
    <system-out><![CDATA[Texto ingresado no permitido por el siguiente motivo:  java.lang.IllegalArgumentException: La palabra no puede estar vacía o contener algun espacio
]]></system-out>
  </testcase>
  <testcase name="palabraConBloquesTrue" classname="com.dominio.bloques.bloques.logicatest.BloquesLetrasTest" time="0.0"/>
  <testcase name="palabraConBloquesRepetidosFalse" classname="com.dominio.bloques.bloques.logicatest.BloquesLetrasTest" time="0.0"/>
  <testcase name="entradaNulaFalse" classname="com.dominio.bloques.bloques.logicatest.BloquesLetrasTest" time="0.0">
    <system-out><![CDATA[Texto ingresado no permitido por el siguiente motivo:  java.lang.IllegalArgumentException: La palabra ingresada no puede ser nula.
]]></system-out>
  </testcase>
</testsuite>